
> rest-express@1.0.0 dev
> NODE_ENV=development tsx server/index.ts

Profile routes not available, skipping
Admin routes not available, skipping
6:31:38 PM [express] serving on port 3000
Error fetching advisors: ErrorEvent {
  Symbol(kTarget): WebSocket {
    _events: [Object: null prototype] {
      error: [Function],
      message: [Function],
      close: [Function],
      open: [Function]
    },
    _eventsCount: 4,
    _maxListeners: undefined,
    _binaryType: 'arraybuffer',
    _closeCode: 1006,
    _closeFrameReceived: false,
    _closeFrameSent: false,
    _closeMessage: <Buffer >,
    _closeTimer: null,
    _errorEmitted: true,
    _extensions: {},
    _paused: false,
    _protocol: '',
    _readyState: 3,
    _receiver: null,
    _sender: null,
    _socket: null,
    _bufferedAmount: 0,
    _isServer: false,
    _redirects: 0,
    _autoPong: true,
    _url: 'wss://localhost/v2',
    _req: null,
    Symbol(shapeMode): false,
    Symbol(kCapture): false
  },
  Symbol(kType): 'error',
  Symbol(kError): AggregateError [ECONNREFUSED]: 
      at internalConnectMultiple (node:net:1134:18)
      at afterConnectMultiple (node:net:1715:7) {
    code: 'ECONNREFUSED',
    [errors]: [ [Error], [Error] ]
  },
  Symbol(kMessage): ''
}
6:32:05 PM [express] GET /api/advisors 500 in 34ms :: {"message":"Failed to fetch advisors"}
6:32:17 PM [express] GET /api/specialties 200 in 39ms
Browserslist: browsers data (caniuse-lite) is 8 months old. Please run:
  npx update-browserslist-db@latest
  Why you should do it regularly: https://github.com/browserslist/update-db#readme
